0 info it worked if it ends with ok
1 verbose cli [ '/Users/woolson/.nvm/versions/node/v6.11.2/bin/node',
1 verbose cli   '/Users/woolson/.nvm/versions/node/v6.11.2/bin/npm',
1 verbose cli   'version',
1 verbose cli   '0.0.2' ]
2 info using npm@3.10.10
3 info using node@v6.11.2
4 info git [ 'status', '--porcelain' ]
5 verbose stack Error: Git working directory not clean.
5 verbose stack D .travis.yml
5 verbose stack D AUTHORS.md
5 verbose stack D CHANGELOG.md
5 verbose stack D CONTRIBUTING.md
5 verbose stack D LICENSE
5 verbose stack T README.md
5 verbose stack D SECURITY.md
5 verbose stack D badge.png
5 verbose stack D badge.svg
5 verbose stack D bin/update-authors.sh
5 verbose stack D docs/README-en.md
5 verbose stack D docs/README-esla.md
5 verbose stack D docs/README-iteu.md
5 verbose stack D docs/README-kokr.md
5 verbose stack D docs/README-ptbr.md
5 verbose stack D docs/README-zhcn.md
5 verbose stack D docs/README-zhtw.md
5 verbose stack D docs/RULES-en.md
5 verbose stack D docs/RULES-esla.md
5 verbose stack D docs/RULES-iteu.md
5 verbose stack D docs/RULES-kokr.md
5 verbose stack D docs/RULES-ptbr.md
5 verbose stack D docs/RULES-zhcn.md
5 verbose stack D docs/RULES-zhtw.md
5 verbose stack D docs/logos/atom.png
5 verbose stack D docs/logos/bitcoinjs.png
5 verbose stack D docs/logos/brave.png
5 verbose stack D docs/logos/bustle.jpg
5 verbose stack D docs/logos/clevertech.png
5 verbose stack D docs/logos/dat.png
5 verbose stack D docs/logos/electron.png
5 verbose stack D docs/logos/express.png
5 verbose stack D docs/logos/github.png
5 verbose stack D docs/logos/gov-uk.png
5 verbose stack D docs/logos/greenkeeper.png
5 verbose stack D docs/logos/ipfs.png
5 verbose stack D docs/logos/jaguar-landrover.png
5 verbose stack D docs/logos/karma.png
5 verbose stack D docs/logos/mongodb.jpg
5 verbose stack D docs/logos/nearform.png
5 verbose stack D docs/logos/neo4j.png
5 verbose stack D docs/logos/nodesource.png
5 verbose stack D docs/logos/npm.png
5 verbose stack D docs/logos/opbeat.png
5 verbose stack D docs/logos/optiopay.png
5 verbose stack D docs/logos/rentograph.png
5 verbose stack D docs/logos/studynotes.jpg
5 verbose stack D docs/logos/taser.png
5 verbose stack D docs/logos/treasuredata.png
5 verbose stack D docs/logos/typeform.jpg
5 verbose stack D docs/logos/voltra.png
5 verbose stack D docs/logos/webtorrent.png
5 verbose stack D docs/logos/zeit.png
5 verbose stack D docs/logos/zendesk.png
5 verbose stack D docs/logos/zentrick.png
5 verbose stack D docs/webstorm.md
5 verbose stack M package.json
5 verbose stack D sticker.png
5 verbose stack D sticker.svg
5 verbose stack D test/api.js
5 verbose stack D test/clone.js
5 verbose stack D test/cmd.js
5 verbose stack     at /Users/woolson/.nvm/versions/node/v6.11.2/lib/node_modules/npm/lib/version.js:247:19
5 verbose stack     at /Users/woolson/.nvm/versions/node/v6.11.2/lib/node_modules/npm/lib/utils/no-progress-while-running.js:21:8
5 verbose stack     at ChildProcess.exithandler (child_process.js:189:7)
5 verbose stack     at emitTwo (events.js:106:13)
5 verbose stack     at ChildProcess.emit (events.js:191:7)
5 verbose stack     at maybeClose (internal/child_process.js:891:16)
5 verbose stack     at Socket.<anonymous> (internal/child_process.js:342:11)
5 verbose stack     at emitOne (events.js:96:13)
5 verbose stack     at Socket.emit (events.js:188:7)
5 verbose stack     at Pipe._handle.close [as _onclose] (net.js:497:12)
6 verbose cwd /Users/woolson/Documents/Project/ShinHo/standard
7 error Darwin 17.0.0
8 error argv "/Users/woolson/.nvm/versions/node/v6.11.2/bin/node" "/Users/woolson/.nvm/versions/node/v6.11.2/bin/npm" "version" "0.0.2"
9 error node v6.11.2
10 error npm  v3.10.10
11 error Git working directory not clean.
11 error D .travis.yml
11 error D AUTHORS.md
11 error D CHANGELOG.md
11 error D CONTRIBUTING.md
11 error D LICENSE
11 error T README.md
11 error D SECURITY.md
11 error D badge.png
11 error D badge.svg
11 error D bin/update-authors.sh
11 error D docs/README-en.md
11 error D docs/README-esla.md
11 error D docs/README-iteu.md
11 error D docs/README-kokr.md
11 error D docs/README-ptbr.md
11 error D docs/README-zhcn.md
11 error D docs/README-zhtw.md
11 error D docs/RULES-en.md
11 error D docs/RULES-esla.md
11 error D docs/RULES-iteu.md
11 error D docs/RULES-kokr.md
11 error D docs/RULES-ptbr.md
11 error D docs/RULES-zhcn.md
11 error D docs/RULES-zhtw.md
11 error D docs/logos/atom.png
11 error D docs/logos/bitcoinjs.png
11 error D docs/logos/brave.png
11 error D docs/logos/bustle.jpg
11 error D docs/logos/clevertech.png
11 error D docs/logos/dat.png
11 error D docs/logos/electron.png
11 error D docs/logos/express.png
11 error D docs/logos/github.png
11 error D docs/logos/gov-uk.png
11 error D docs/logos/greenkeeper.png
11 error D docs/logos/ipfs.png
11 error D docs/logos/jaguar-landrover.png
11 error D docs/logos/karma.png
11 error D docs/logos/mongodb.jpg
11 error D docs/logos/nearform.png
11 error D docs/logos/neo4j.png
11 error D docs/logos/nodesource.png
11 error D docs/logos/npm.png
11 error D docs/logos/opbeat.png
11 error D docs/logos/optiopay.png
11 error D docs/logos/rentograph.png
11 error D docs/logos/studynotes.jpg
11 error D docs/logos/taser.png
11 error D docs/logos/treasuredata.png
11 error D docs/logos/typeform.jpg
11 error D docs/logos/voltra.png
11 error D docs/logos/webtorrent.png
11 error D docs/logos/zeit.png
11 error D docs/logos/zendesk.png
11 error D docs/logos/zentrick.png
11 error D docs/webstorm.md
11 error M package.json
11 error D sticker.png
11 error D sticker.svg
11 error D test/api.js
11 error D test/clone.js
11 error D test/cmd.js
12 error If you need help, you may report this error at:
12 error     <https://github.com/npm/npm/issues>
13 verbose exit [ 1, true ]
